<?xml version="1.0" encoding="UTF-8"?>
<!-- Generated by org.testng.reporters.JUnitReportReporter -->
<testsuite hostname="THEMan.local" failures="0" tests="4" name="com.NaveenOnline.Qa.Testcase.addNewAddressTest" time="58.213" errors="0" timestamp="2024-10-21T15:28:34 IST" skipped="0">
  <testcase classname="com.NaveenOnline.Qa.Testcase.addNewAddressTest" name="addAddressTest" time="14.505"/>
  <testcase classname="com.NaveenOnline.Qa.Testcase.addNewAddressTest" name="addAddressTest" time="14.392"/>
  <testcase classname="com.NaveenOnline.Qa.Testcase.addNewAddressTest" name="addAddressTest" time="14.376"/>
  <testcase classname="com.NaveenOnline.Qa.Testcase.addNewAddressTest" name="addAddressTest" time="14.940"/>
</testsuite> <!-- com.NaveenOnline.Qa.Testcase.addNewAddressTest -->
