<?xml version="1.0" encoding="UTF-8"?>
<!-- Generated by org.testng.reporters.JUnitReportReporter -->
<testsuite hostname="THEMan.local" failures="0" tests="6" name="com.NaveenOnline.Qa.Testcase.homePageTest" time="61.923" errors="0" timestamp="2024-10-21T15:28:34 IST" skipped="0">
  <testcase classname="com.NaveenOnline.Qa.Testcase.homePageTest" name="clickOnMacInDesktopTabTest" time="10.271"/>
  <testcase classname="com.NaveenOnline.Qa.Testcase.homePageTest" name="clickOnShowAllInDesktopTabTest" time="10.736"/>
  <testcase classname="com.NaveenOnline.Qa.Testcase.homePageTest" name="clickOnSoftwareTabTest" time="10.171"/>
  <testcase classname="com.NaveenOnline.Qa.Testcase.homePageTest" name="HomePageTitleTest" time="9.780"/>
  <testcase classname="com.NaveenOnline.Qa.Testcase.homePageTest" name="clickOnTabletsTabTest" time="9.960"/>
  <testcase classname="com.NaveenOnline.Qa.Testcase.homePageTest" name="clickOnMonitorsInComponentTabTest" time="11.005"/>
</testsuite> <!-- com.NaveenOnline.Qa.Testcase.homePageTest -->
