<?xml version="1.0" encoding="UTF-8"?>
<!-- Generated by org.testng.reporters.JUnitReportReporter -->
<testsuite hostname="THEMan.local" failures="0" tests="4" name="com.NaveenOnline.Qa.Testcase.LoginPageTest" time="29.359" errors="0" timestamp="2024-10-21T15:28:34 IST" skipped="0">
  <testcase classname="com.NaveenOnline.Qa.Testcase.LoginPageTest" name="AddressBook" time="4.464"/>
  <testcase classname="com.NaveenOnline.Qa.Testcase.LoginPageTest" name="logintest" time="15.519"/>
  <testcase classname="com.NaveenOnline.Qa.Testcase.LoginPageTest" name="loginPageTitleTest" time="4.960"/>
  <testcase classname="com.NaveenOnline.Qa.Testcase.LoginPageTest" name="naveenLogo" time="4.416"/>
</testsuite> <!-- com.NaveenOnline.Qa.Testcase.LoginPageTest -->
